<?xml version="1.0" encoding="UTF-8"?>
<!-- Generated by org.testng.reporters.JUnitXMLReporter -->
<testsuite hostname="tp3vdiw10dev205" ignored="0" name="Test" tests="1" failures="1" timestamp="18 Jul 2019 11:02:10 GMT" time="2.289" errors="0">
  <testcase name="@AfterClass tearDownClass" time="0.687" classname="com.sc.testrunner.TestNGRunnerNew">
    <failure type="java.lang.NoSuchMethodError" message="com.aventstack.extentreports.reporter.ExtentHtmlReporter.loadXMLConfig(Ljava/io/File;)V">
      <![CDATA[java.lang.NoSuchMethodError: com.aventstack.extentreports.reporter.ExtentHtmlReporter.loadXMLConfig(Ljava/io/File;)V
	at com.cucumber.listener.Reporter.loadXMLConfig(Reporter.java:56)
	at com.sc.testrunner.TestNGRunnerNew.tearDownClass(TestNGRunnerNew.java:60)
... Removed 25 stack frames]]>
    </failure>
  </testcase> <!-- @AfterClass tearDownClass -->
  <testcase name="feature" time="0.699" classname="com.sc.testrunner.TestNGRunnerNew">
    <failure type="cucumber.runtime.CucumberException" message="java.lang.ExceptionInInitializerError">
      <![CDATA[cucumber.runtime.CucumberException: java.lang.ExceptionInInitializerError
	at cucumber.api.testng.TestNGCucumberRunner.runCucumber(TestNGCucumberRunner.java:69)
	at com.sc.testrunner.TestNGRunnerNew.feature(TestNGRunnerNew.java:45)
Caused by: java.lang.ExceptionInInitializerError
	at com.sc.stepdefination.CucumberSetup.setUp(CucumberSetup.java:35)
	at cucumber.runtime.Utils$1.call(Utils.java:40)
	at cucumber.runtime.Timeout.timeout(Timeout.java:16)
	at cucumber.runtime.Utils.invoke(Utils.java:34)
	at cucumber.runtime.java.JavaHookDefinition.execute(JavaHookDefinition.java:60)
	at cucumber.runtime.Runtime.runHookIfTagsMatch(Runtime.java:224)
	at cucumber.runtime.Runtime.runHooks(Runtime.java:212)
	at cucumber.runtime.Runtime.runBeforeHooks(Runtime.java:202)
	at cucumber.runtime.model.CucumberScenario.run(CucumberScenario.java:40)
	at cucumber.runtime.model.CucumberFeature.run(CucumberFeature.java:165)
	at cucumber.api.testng.TestNGCucumberRunner.runCucumber(TestNGCucumberRunner.java:63)
	... 26 more
Caused by: java.util.NoSuchElementException: 'global.driver.wait' doesn't map to an existing object
	at org.apache.commons.configuration.AbstractConfiguration.getInt(AbstractConfiguration.java:816)
	at com.framework.config.PropertiesRepository.getInt(PropertiesRepository.java:66)
	at com.framework.config.GlobalProperties.<clinit>(GlobalProperties.java:25)
	... 41 more
... Removed 29 stack frames]]>
    </failure>
  </testcase> <!-- feature -->
</testsuite> <!-- Test -->
