<!DOCTYPE html>
<html>
<head>
  
<meta http-equiv="Content-Type" content="text/html; charset=UTF-8" />

<script type="text/javascript" src="js/jquery.min.js"></script>
<script type="text/javascript" src="js/jquery.tablesorter.min.js"></script>
<script type="text/javascript" src="js/Chart.min.js"></script>
<script type="text/javascript" src="js/moment.min.js"></script>
<script type="text/javascript" src="js/bootstrap.min.js"></script>

<link rel="stylesheet" href="css/bootstrap.min.css" type="text/css"/>
<link rel="stylesheet" href="css/cucumber.css" type="text/css"/>
<link rel="stylesheet" href="css/font-awesome.min.css"/>
<link rel="shortcut icon" href="images/favicon.png"/>

<script type="text/javascript">
$(document).ready(function() {
    // this will tell tablesorter to try looking for the data-value attribute
    // if present, it'll sort by that instead
    // otherwise, it'll sort by the text content of the table cell
    $("#tablesorter").tablesorter({
        textAttribute: 'data-value',
        // ignores the first row of the header, the 'scenario', 'steps', since
        // sorting those doesn't make sense
        selectorHeaders: '> thead tr:not(.dont-sort) th',
        // use a stable sort
        sortStable: true
    });
});
</script>











  
<title>Cucumber Reports (no Demo) - Error Page</title>


  <style>
  .error-message {
    color:red;
    font-weight: bold;
    background-color: lightpink;
    font-family: monospace;
  }
  </style>
</head>
<body>

<nav class="navbar navbar-default navbar-fixed-top" id="navigation">
  <div class="container-fluid">
    <div class="collapse navbar-collapse">
      <p class="navbar-text navbar-left">Cucumber Report</p>
      <ul class="nav navbar-nav navbar-right">
                <li role="presentation" ><a href="overview-features.html">Features</a></li>
        <li role="presentation" ><a href="overview-tags.html">Tags</a></li>
        <li role="presentation" ><a href="overview-steps.html">Steps</a></li>
                <li role="presentation" ><a href="overview-failures.html">Failures</a></li>
      </ul>
    </div>
  </div>
</nav>

<div id="report-lead" class="container-fluid">
  <div class="col-md-10 col-md-offset-1">
    <h2>Error</h2>
          <p>Something went wrong with project GRC Project, build Demo</p>
      </div>
</div>

<div class="container-fluid" id="report">
  <div class="row">
    <div class="col-md-10 col-md-offset-1">
      <div class="message">
        <pre>net.masterthought.cucumber.ValidationException: File 'C:\Users\UX014784\eclipse-workspace\GRC\target\Chrome_Smoke\cucumber-report_testjZlO_5.json' is not proper Cucumber report!
	at net.masterthought.cucumber.ReportParser.parseForFeature(ReportParser.java:87)
	at net.masterthought.cucumber.ReportParser.parseJsonFiles(ReportParser.java:58)
	at net.masterthought.cucumber.ReportBuilder.generateReports(ReportBuilder.java:87)
	at com.framework.reports.CucumberReports.generateCucumberReport(CucumberReports.java:64)
	at com.sc.testrunner.TestNGTestRunner.generateReport(TestNGTestRunner.java:49)
	at sun.reflect.NativeMethodAccessorImpl.invoke0(Native Method)
	at sun.reflect.NativeMethodAccessorImpl.invoke(NativeMethodAccessorImpl.java:62)
	at sun.reflect.DelegatingMethodAccessorImpl.invoke(DelegatingMethodAccessorImpl.java:43)
	at java.lang.reflect.Method.invoke(Method.java:498)
	at org.testng.internal.MethodInvocationHelper.invokeMethod(MethodInvocationHelper.java:108)
	at org.testng.internal.Invoker.invokeConfigurationMethod(Invoker.java:523)
	at org.testng.internal.Invoker.invokeConfigurations(Invoker.java:224)
	at org.testng.internal.Invoker.invokeConfigurations(Invoker.java:146)
	at org.testng.SuiteRunner.privateRun(SuiteRunner.java:350)
	at org.testng.SuiteRunner.run(SuiteRunner.java:289)
	at org.testng.SuiteRunnerWorker.runSuite(SuiteRunnerWorker.java:52)
	at org.testng.SuiteRunnerWorker.run(SuiteRunnerWorker.java:86)
	at org.testng.TestNG.runSuitesSequentially(TestNG.java:1301)
	at org.testng.TestNG.runSuitesLocally(TestNG.java:1226)
	at org.testng.TestNG.runSuites(TestNG.java:1144)
	at org.testng.TestNG.run(TestNG.java:1115)
	at org.testng.remote.AbstractRemoteTestNG.run(AbstractRemoteTestNG.java:115)
	at org.testng.remote.RemoteTestNG.initAndRun(RemoteTestNG.java:251)
	at org.testng.remote.RemoteTestNG.main(RemoteTestNG.java:77)
Caused by: com.fasterxml.jackson.databind.JsonMappingException: No content to map due to end-of-input
 at [Source: java.io.InputStreamReader@7a6078d; line: 1, column: 0]
	at com.fasterxml.jackson.databind.JsonMappingException.from(JsonMappingException.java:270)
	at com.fasterxml.jackson.databind.ObjectMapper._initForReading(ObjectMapper.java:3838)
	at com.fasterxml.jackson.databind.ObjectMapper._readMapAndClose(ObjectMapper.java:3783)
	at com.fasterxml.jackson.databind.ObjectMapper.readValue(ObjectMapper.java:2887)
	at net.masterthought.cucumber.ReportParser.parseForFeature(ReportParser.java:81)
	... 23 more
</pre>
      </div>
      <div>Trying to generate report from following files. Make sure they are valid cucumber report files:</div>
      <div class="error-files">
        <pre>
           C:\Users\UX014784\eclipse-workspace\GRC\target\Chrome_Smoke\cucumber-report_testGtHl_10.json
           C:\Users\UX014784\eclipse-workspace\GRC\target\Chrome_Smoke\cucumber-report_testhiYj_26.json
           C:\Users\UX014784\eclipse-workspace\GRC\target\Chrome_Smoke\cucumber-report_testHmKG_29.json
           C:\Users\UX014784\eclipse-workspace\GRC\target\Chrome_Smoke\cucumber-report_testhoqe_63.json
           C:\Users\UX014784\eclipse-workspace\GRC\target\Chrome_Smoke\cucumber-report_testjZlO_5.json
           C:\Users\UX014784\eclipse-workspace\GRC\target\Chrome_Smoke\cucumber-report_testkeQK_27.json
           C:\Users\UX014784\eclipse-workspace\GRC\target\Chrome_Smoke\cucumber-report_testkkQt_58.json
           C:\Users\UX014784\eclipse-workspace\GRC\target\Chrome_Smoke\cucumber-report_testmgTC_55.json
           C:\Users\UX014784\eclipse-workspace\GRC\target\Chrome_Smoke\cucumber-report_testMJXT_19.json
           C:\Users\UX014784\eclipse-workspace\GRC\target\Chrome_Smoke\cucumber-report_testmtnW_18.json
           C:\Users\UX014784\eclipse-workspace\GRC\target\Chrome_Smoke\cucumber-report_testYDIa_70.json
           C:\Users\UX014784\eclipse-workspace\GRC\target\Chrome_Smoke\cucumber-report_testyJQq_72.json
           C:\Users\UX014784\eclipse-workspace\GRC\target\Chrome_Smoke\cucumber-report_testZlbJ_33.json
                  </pre>
      </div>
    </div>
  </div>
</div>


<nav class="navbar navbar-default" id="footer">
  <div class="container-fluid">
    <p class="navbar-text navbar-right">
        <small>generate Cucumber HTML reports via:&nbsp;</small>
        <a class="navbar-link" href="https://github.com/jenkinsci/cucumber-reports-plugin">Jenkins Plugin</a> |
        <a class="navbar-link" href="https://github.com/damianszczepanik/cucumber-reporting">Standalone</a> |
        <a class="navbar-link" href="https://github.com/damianszczepanik/cucumber-sandwich">Sandwich</a> |
        <a class="navbar-link" href="https://github.com/damianszczepanik/maven-cucumber-reporting">Maven</a>
        &nbsp;&nbsp;
    </p>
  </div>
</nav>

</body>
</html>
